\BOOKMARK [0][-]{chapter.1}{Introducci\363n}{}% 1
\BOOKMARK [1][-]{section.1.1}{Definiciones introductorias}{chapter.1}% 2
\BOOKMARK [1][-]{section.1.2}{Lenguajes, gram\341ticas y aut\363matas}{chapter.1}% 3
\BOOKMARK [1][-]{section.1.3}{Derivaci\363n de una gram\341tica}{chapter.1}% 4
\BOOKMARK [1][-]{section.1.4}{Definici\363n de un lenguaje}{chapter.1}% 5
\BOOKMARK [1][-]{section.1.5}{Estructura de un traductor}{chapter.1}% 6
\BOOKMARK [1][-]{section.1.6}{T\351cnicas de construcci\363n de traductores con T-Diagramas}{chapter.1}% 7
\BOOKMARK [0][-]{chapter.2}{An\341lisis l\351xico}{}% 8
\BOOKMARK [1][-]{section.2.1}{\277Cuando interesa utilizar un Procesador de Lenguajes?}{chapter.2}% 9
\BOOKMARK [1][-]{section.2.2}{\277Cu\341l es la funci\363n del analizador l\351xico?}{chapter.2}% 10
\BOOKMARK [1][-]{section.2.3}{Funci\363n del analizador l\351xico}{chapter.2}% 11
\BOOKMARK [0][-]{chapter.3}{An\341lisis sint\341ctico}{}% 12
\BOOKMARK [0][-]{chapter.4}{An\341lisis sint\341ctico descendente}{}% 13
\BOOKMARK [1][-]{section.4.1}{Introducci\363n al an\341lisis sint\341ctico descendente}{chapter.4}% 14
\BOOKMARK [1][-]{section.4.2}{Gram\341ticas LL\(1\) y LL\(k\)}{chapter.4}% 15
\BOOKMARK [1][-]{section.4.3}{C\341lculo de Iniciales, Seguidores y S\355mbolos de predicci\363n}{chapter.4}% 16
\BOOKMARK [2][-]{subsection.4.3.1}{Iniciales}{section.4.3}% 17
\BOOKMARK [2][-]{subsection.4.3.2}{Seguidores}{section.4.3}% 18
\BOOKMARK [2][-]{subsection.4.3.3}{S\355mbolos de predicci\363n}{section.4.3}% 19
\BOOKMARK [1][-]{section.4.4}{Condici\363n LL\(1\)}{chapter.4}% 20
\BOOKMARK [1][-]{section.4.5}{Gram\341tica con recursividad por la izquierda}{chapter.4}% 21
\BOOKMARK [2][-]{subsection.4.5.1}{Recursividad por la izquierda}{section.4.5}% 22
\BOOKMARK [2][-]{subsection.4.5.2}{Gram\341tica}{section.4.5}% 23
\BOOKMARK [0][-]{chapter.5}{An\341lisis sint\341ctico ascendente}{}% 24
